{
  "RSpec": {
    "coverage": {
      "/home/robo/projects/gems/cmor/cmor-blog/spec/dummy/spec/models/user_spec.rb": {
        "lines": [
          1,
          null,
          1,
          1,
          null
        ]
      },
      "/home/robo/projects/gems/cmor/cmor-blog/spec/rails_helper.rb": {
        "lines": [
          null,
          1,
          1,
          1,
          null,
          1,
          1,
          null,
          null,
          null,
          null,
          null,
          null,
          null,
          null,
          null,
          null,
          null,
          null,
          null,
          null,
          null,
          null,
          6,
          null,
          null,
          null,
          null,
          null,
          null,
          null,
          null,
          null,
          1,
          null,
          1,
          null,
          null,
          null,
          null,
          1,
          null,
          null,
          null,
          null,
          null,
          null,
          null,
          null,
          null,
          null,
          null,
          null,
          null,
          null,
          1,
          null,
          null,
          1,
          null,
          null,
          null
        ]
      },
      "/home/robo/projects/gems/cmor/cmor-blog/spec/dummy/config/environment.rb": {
        "lines": [
          null,
          1,
          null,
          null,
          1
        ]
      },
      "/home/robo/projects/gems/cmor/cmor-blog/spec/dummy/config/application.rb": {
        "lines": [
          1,
          null,
          1,
          null,
          1,
          1,
          1,
          1,
          1,
          1,
          1,
          1,
          1,
          1,
          1,
          null,
          1,
          1,
          null,
          null,
          null,
          1,
          null,
          1,
          1,
          null,
          1,
          null,
          null,
          null,
          null,
          null,
          null,
          null,
          1,
          null,
          null
        ]
      },
      "/home/robo/projects/gems/cmor/cmor-blog/spec/dummy/config/boot.rb": {
        "lines": [
          1,
          null,
          1,
          1
        ]
      },
      "/home/robo/projects/gems/cmor/cmor-blog/lib/cmor-blog.rb": {
        "lines": [
          1,
          1,
          1,
          1,
          1,
          1,
          1,
          null,
          1,
          1,
          1,
          null,
          1,
          1,
          1,
          1,
          null,
          null,
          null
        ]
      },
      "/home/robo/projects/gems/cmor/cmor-blog/lib/cmor/blog/version.rb": {
        "lines": [
          1,
          1,
          1,
          null,
          null
        ]
      },
      "/home/robo/projects/gems/cmor/cmor-blog/lib/cmor/blog/configuration.rb": {
        "lines": [
          1,
          1,
          1,
          1,
          1,
          null,
          1,
          null,
          1,
          7,
          7,
          75,
          null,
          null,
          7,
          5,
          null,
          null,
          null,
          null,
          1,
          null,
          1,
          15,
          1,
          29,
          1,
          1,
          1,
          null,
          null,
          null
        ]
      },
      "/home/robo/projects/gems/cmor/cmor-blog/lib/cmor/blog/engine.rb": {
        "lines": [
          1,
          1,
          1,
          null,
          1,
          1,
          1,
          null,
          null,
          null
        ]
      },
      "/home/robo/projects/gems/cmor/cmor-blog/spec/dummy/config/environments/test.rb": {
        "lines": [
          null,
          null,
          null,
          null,
          null,
          1,
          null,
          null,
          1,
          null,
          null,
          null,
          null,
          1,
          null,
          null,
          1,
          1,
          null,
          null,
          null,
          null,
          1,
          1,
          1,
          null,
          null,
          1,
          null,
          null,
          1,
          null,
          null,
          1,
          null,
          1,
          null,
          null,
          null,
          null,
          1,
          null,
          null,
          1,
          null,
          null,
          null,
          null
        ]
      },
      "/home/robo/projects/gems/cmor/cmor-blog/config/initializers/assets.rb": {
        "lines": [
          1,
          1
        ]
      },
      "/home/robo/projects/gems/cmor/cmor-blog/config/initializers/cmor.rb": {
        "lines": [
          1,
          1,
          null
        ]
      },
      "/home/robo/projects/gems/cmor/cmor-blog/spec/dummy/config/initializers/administador.rb": {
        "lines": [
          1,
          null,
          null,
          null,
          null,
          1,
          null,
          null,
          null,
          null,
          null,
          null,
          1,
          null,
          null,
          null,
          null,
          null,
          null,
          null,
          null,
          null,
          null,
          null
        ]
      },
      "/home/robo/projects/gems/cmor/cmor-blog/spec/dummy/config/initializers/application_controller_renderer.rb": {
        "lines": [
          null,
          null,
          null,
          null,
          null,
          null,
          null,
          null
        ]
      },
      "/home/robo/projects/gems/cmor/cmor-blog/spec/dummy/config/initializers/assets.rb": {
        "lines": [
          null,
          null,
          null,
          1,
          null,
          null,
          null,
          null,
          1,
          null,
          null,
          null,
          null,
          null
        ]
      },
      "/home/robo/projects/gems/cmor/cmor-blog/spec/dummy/config/initializers/backtrace_silencers.rb": {
        "lines": [
          null,
          null,
          null,
          null,
          null,
          null,
          null
        ]
      },
      "/home/robo/projects/gems/cmor/cmor-blog/spec/dummy/config/initializers/cmor-blog.rb": {
        "lines": [
          1,
          null,
          null,
          null,
          null,
          null,
          null,
          null,
          1,
          14,
          null,
          null,
          null,
          null,
          null,
          null,
          null,
          15,
          null,
          null,
          null,
          null,
          null,
          null,
          3,
          null,
          null,
          null,
          null,
          null,
          1,
          null,
          null,
          null,
          null,
          null,
          1,
          null
        ]
      },
      "/home/robo/projects/gems/cmor/cmor-blog/spec/dummy/config/initializers/cmor_core_backend.rb": {
        "lines": [
          1,
          null,
          null,
          null,
          null,
          null,
          null,
          1,
          null,
          null,
          null,
          null,
          null,
          null,
          null,
          null,
          null,
          null,
          1,
          28,
          null,
          null,
          null,
          null,
          null,
          null,
          null,
          null,
          null,
          null,
          null,
          null,
          null,
          null,
          null,
          null,
          null,
          null,
          null,
          null,
          null,
          null,
          null,
          null,
          null
        ]
      },
      "/home/robo/projects/gems/cmor/cmor-blog/spec/dummy/config/initializers/content_security_policy.rb": {
        "lines": [
          null,
          null,
          null,
          null,
          null,
          null,
          null,
          null,
          null,
          null,
          null,
          null,
          null,
          null,
          null,
          null,
          null,
          null,
          null,
          null,
          null,
          null,
          null,
          null,
          null,
          null,
          null,
          null,
          null,
          null
        ]
      },
      "/home/robo/projects/gems/cmor/cmor-blog/spec/dummy/config/initializers/cookies_serializer.rb": {
        "lines": [
          null,
          null,
          null,
          null,
          1
        ]
      },
      "/home/robo/projects/gems/cmor/cmor-blog/spec/dummy/config/initializers/filter_parameter_logging.rb": {
        "lines": [
          null,
          null,
          null,
          1
        ]
      },
      "/home/robo/projects/gems/cmor/cmor-blog/spec/dummy/config/initializers/i18n.rb": {
        "lines": [
          1,
          1
        ]
      },
      "/home/robo/projects/gems/cmor/cmor-blog/spec/dummy/config/initializers/inflections.rb": {
        "lines": [
          null,
          null,
          null,
          null,
          null,
          null,
          null,
          null,
          null,
          null,
          null,
          null,
          null,
          null,
          null,
          null
        ]
      },
      "/home/robo/projects/gems/cmor/cmor-blog/spec/dummy/config/initializers/mime_types.rb": {
        "lines": [
          null,
          null,
          null,
          null
        ]
      },
      "/home/robo/projects/gems/cmor/cmor-blog/spec/dummy/config/initializers/route_translator.rb": {
        "lines": [
          1,
          1,
          null
        ]
      },
      "/home/robo/projects/gems/cmor/cmor-blog/spec/dummy/config/initializers/wrap_parameters.rb": {
        "lines": [
          null,
          null,
          null,
          null,
          null,
          null,
          1,
          1,
          null,
          null,
          null,
          null,
          null,
          null
        ]
      },
      "/home/robo/projects/gems/cmor/cmor-blog/spec/dummy/app/controllers/application_controller.rb": {
        "lines": [
          1,
          1,
          null,
          1,
          2,
          null,
          null
        ]
      },
      "/home/robo/projects/gems/cmor/cmor-blog/spec/dummy/app/helpers/application_helper.rb": {
        "lines": [
          1,
          null
        ]
      },
      "/home/robo/projects/gems/cmor/cmor-blog/spec/dummy/spec/factories/users.rb": {
        "lines": [
          1,
          1,
          16,
          null,
          null
        ]
      },
      "/home/robo/projects/gems/cmor/cmor-blog/spec/dummy/config/routes.rb": {
        "lines": [
          1,
          null,
          null,
          1,
          1,
          null,
          1,
          1,
          null,
          null,
          1,
          1,
          null,
          null,
          null
        ]
      },
      "/home/robo/projects/gems/cmor/cmor-blog/config/routes.rb": {
        "lines": [
          1,
          1,
          1,
          1,
          1,
          null,
          1,
          1,
          1,
          null,
          null,
          1,
          null
        ]
      },
      "/home/robo/projects/gems/cmor/cmor-blog/spec/support/factory_bot.rb": {
        "lines": [
          1,
          null,
          1,
          1,
          null,
          null,
          1,
          1,
          null,
          null,
          null,
          1
        ]
      },
      "/home/robo/projects/gems/cmor/cmor-blog/spec/factories/cmor_blog_asset_details.rb": {
        "lines": [
          1,
          1,
          1,
          11,
          null,
          null
        ]
      },
      "/home/robo/projects/gems/cmor/cmor-blog/app/models/cmor/blog/asset_detail.rb": {
        "lines": [
          1,
          1,
          1,
          1,
          1,
          null,
          1,
          null,
          null,
          1,
          1,
          null,
          1,
          1,
          null,
          1,
          5,
          null,
          null,
          1,
          0,
          null,
          null,
          null
        ]
      },
      "/home/robo/projects/gems/cmor/cmor-blog/spec/dummy/app/models/application_record.rb": {
        "lines": [
          1,
          1,
          null
        ]
      },
      "/home/robo/projects/gems/cmor/cmor-blog/spec/factories/cmor_blog_posts.rb": {
        "lines": [
          1,
          1,
          1,
          16,
          16,
          null,
          null
        ]
      },
      "/home/robo/projects/gems/cmor/cmor-blog/app/models/cmor/blog/post.rb": {
        "lines": [
          1,
          1,
          1,
          1,
          1,
          null,
          null,
          1,
          1,
          null,
          null,
          1,
          71,
          null,
          null,
          1,
          1,
          null,
          1,
          1,
          null,
          1,
          null,
          1,
          null,
          1,
          15,
          null,
          null,
          1,
          1,
          46,
          null,
          0,
          null,
          46,
          null,
          null,
          null,
          1,
          null,
          1,
          0,
          null,
          null,
          null,
          1,
          null,
          1,
          1,
          null,
          1,
          1,
          null,
          null,
          1,
          3,
          null,
          null,
          1,
          9,
          4,
          14,
          null,
          null,
          null,
          1,
          4,
          null,
          null,
          1,
          4,
          2,
          6,
          null,
          null,
          null,
          1,
          2,
          null,
          null,
          null,
          1,
          null,
          1,
          1,
          null,
          1,
          0,
          null,
          null,
          null,
          1,
          null,
          1,
          null,
          null,
          null
        ]
      },
      "/home/robo/projects/gems/cmor/cmor-blog/spec/support/shoulda_matchers.rb": {
        "lines": [
          1,
          null,
          1,
          1,
          1,
          1,
          null,
          null
        ]
      },
      "/home/robo/projects/gems/cmor/cmor-blog/spec/support/capybara.rb": {
        "lines": [
          1
        ]
      },
      "/home/robo/projects/gems/cmor/cmor-blog/spec/support/rao-shoulda_matchers.rb": {
        "lines": [
          1,
          null,
          1,
          1,
          null
        ]
      },
      "/home/robo/projects/gems/cmor/cmor-blog/spec/support/pry-rails.rb": {
        "lines": [
          1
        ]
      },
      "/home/robo/projects/gems/cmor/cmor-blog/spec/dummy/app/models/user.rb": {
        "lines": [
          1,
          null
        ]
      },
      "/home/robo/projects/gems/cmor/cmor-blog/spec/dummy~/spec/models/user_spec.rb": {
        "lines": [
          1,
          null,
          1,
          1,
          null
        ]
      },
      "/home/robo/projects/gems/cmor/cmor-blog/spec/features/de/backend/blog/home_feature_spec.rb": {
        "lines": [
          1,
          null,
          1,
          3,
          null,
          3,
          null,
          2,
          2,
          null
        ]
      },
      "/home/robo/projects/gems/cmor/cmor-blog/spec/features/de/backend/blog/posts_feature_spec.rb": {
        "lines": [
          1,
          null,
          1,
          3,
          null,
          1,
          4,
          2,
          null,
          null,
          2,
          null,
          null,
          1,
          1,
          null,
          null,
          null,
          null,
          null,
          null,
          null,
          null,
          null,
          null,
          1,
          1,
          1,
          null,
          2,
          null,
          null,
          null,
          2,
          null,
          null,
          1,
          1,
          null,
          null,
          null,
          null,
          null,
          null,
          null,
          1,
          null,
          null,
          null,
          null,
          null,
          null,
          null,
          1,
          1,
          null,
          2,
          null,
          null,
          null,
          1,
          2,
          2,
          2,
          2,
          null,
          3,
          null,
          1,
          1,
          1,
          1,
          null,
          null,
          5,
          null,
          null,
          1,
          2,
          2,
          2,
          2,
          null,
          3,
          null,
          1,
          1,
          1,
          1,
          null,
          null,
          5,
          null,
          null
        ]
      },
      "/home/robo/projects/gems/cmor/cmor-blog/spec/models/cmor/blog/asset_detail_spec.rb": {
        "lines": [
          1,
          null,
          1,
          1,
          2,
          2,
          null,
          null
        ]
      },
      "/home/robo/projects/gems/cmor/cmor-blog/spec/models/cmor/blog/post_spec.rb": {
        "lines": [
          1,
          null,
          1,
          2,
          2,
          2,
          null,
          1,
          1,
          1,
          1,
          null,
          null,
          null,
          2,
          null,
          5,
          null,
          null,
          1,
          2,
          null,
          1,
          1,
          null,
          null,
          2,
          null,
          2,
          null,
          5,
          null,
          null,
          1,
          2,
          null,
          1,
          1,
          null,
          null,
          2,
          null,
          2,
          null,
          5,
          null,
          null,
          null
        ]
      },
      "/home/robo/projects/gems/cmor/cmor-blog/spec/models/generic_spec.rb": {
        "lines": [
          1,
          null,
          1,
          1,
          null,
          null,
          null,
          null,
          null,
          null,
          null,
          null,
          1,
          null,
          null,
          2,
          2,
          2,
          2,
          null,
          2,
          null,
          2,
          2,
          null,
          null,
          2,
          2,
          2,
          null,
          null,
          2,
          null,
          2,
          2,
          2,
          null,
          null,
          2,
          2,
          2,
          null,
          null,
          2,
          2,
          2,
          2,
          null,
          null,
          null
        ]
      },
      "/home/robo/projects/gems/cmor/cmor-blog/spec/models/i18n_spec.rb": {
        "lines": [
          1,
          null,
          1,
          null,
          1,
          null,
          null,
          2,
          4,
          null,
          4,
          4,
          4,
          4,
          4,
          4,
          4,
          null,
          null,
          4,
          4,
          4,
          4,
          4,
          null,
          null,
          4,
          null,
          4,
          40,
          40,
          40,
          40,
          null,
          null,
          null,
          null,
          null,
          null,
          null,
          null
        ]
      },
      "/home/robo/projects/gems/cmor/cmor-blog/spec/services/cmor/blog/import_posts_service_spec.rb": {
        "lines": [
          1,
          null,
          1,
          2,
          null
        ]
      },
      "/home/robo/projects/gems/cmor/cmor-blog/app/services/cmor/blog/import_posts_service.rb": {
        "lines": [
          1,
          null,
          1,
          1,
          null,
          null,
          null,
          null,
          null,
          null,
          null,
          null,
          null,
          null,
          null,
          null,
          null,
          null,
          null,
          null,
          null,
          null,
          null,
          1,
          1,
          1,
          null,
          null,
          null,
          1,
          null,
          null,
          null,
          null,
          null,
          null,
          null,
          null,
          null,
          null,
          1,
          1,
          null,
          null,
          1,
          null,
          1,
          1,
          null,
          null,
          1,
          null,
          1,
          1,
          1,
          null,
          1,
          null,
          1,
          1,
          1,
          null,
          null,
          1,
          0,
          0,
          null,
          0,
          null,
          0,
          0,
          0,
          0,
          0,
          null,
          null,
          1,
          0,
          null,
          null,
          1,
          0,
          null,
          null,
          1,
          0,
          0,
          0,
          null,
          null,
          null,
          null,
          1,
          0,
          0,
          0,
          null,
          null,
          null,
          1,
          0,
          0,
          null,
          0,
          null,
          0,
          null,
          0,
          null,
          null,
          0,
          0,
          0,
          null,
          null,
          1,
          0,
          null,
          null,
          1,
          0,
          null,
          null,
          1,
          0,
          null,
          null,
          1,
          0,
          0,
          0,
          null,
          0,
          null,
          null,
          null,
          1,
          0,
          null,
          0,
          null,
          0,
          null,
          null,
          null,
          null,
          null
        ]
      },
      "/home/robo/projects/gems/cmor/cmor-blog/app/services/cmor/blog/application_service.rb": {
        "lines": [
          1,
          1,
          1,
          1,
          null,
          null,
          null,
          null
        ]
      },
      "/home/robo/projects/gems/cmor/cmor-blog/app/controllers/cmor/blog/home_controller.rb": {
        "lines": [
          1,
          1,
          1,
          null,
          null,
          null
        ]
      },
      "/home/robo/projects/gems/cmor/cmor-blog/app/controllers/cmor/blog/posts_controller.rb": {
        "lines": [
          1,
          1,
          1,
          1,
          1,
          1,
          null,
          1,
          null,
          1,
          null,
          1,
          1,
          null,
          1,
          73,
          null,
          null,
          1,
          null,
          1,
          2,
          null,
          null,
          1,
          1,
          1,
          null,
          null,
          1,
          1,
          1,
          null,
          null,
          1,
          2,
          2,
          null,
          null,
          1,
          13,
          null,
          null,
          1,
          4,
          null,
          null,
          null,
          null
        ]
      },
      "/home/robo/projects/gems/cmor/cmor-blog/app/controllers/cmor/blog/asset_details_controller.rb": {
        "lines": [
          1,
          1,
          1,
          1,
          1,
          1,
          null,
          1,
          null,
          1,
          28,
          null,
          null,
          1,
          14,
          null,
          null,
          1,
          null,
          1,
          0,
          null,
          null,
          1,
          0,
          null,
          null,
          1,
          0,
          null,
          null,
          null,
          null
        ]
      }
    },
    "timestamp": 1672164055
  }
}
